<?xml version="1.0" encoding="UTF-8"?>
<testng-results skipped="0" failed="0" ignored="0" total="1" passed="1">
  <reporter-output>
  </reporter-output>
  <suite name="Default suite" duration-ms="30226" started-at="2021-05-26T09:44:07 IST" finished-at="2021-05-26T09:44:37 IST">
    <groups>
    </groups>
    <test name="Default test" duration-ms="30226" started-at="2021-05-26T09:44:07 IST" finished-at="2021-05-26T09:44:37 IST">
      <class name="smokeTest.flipkart">
        <test-method status="PASS" signature="setUp()[pri:0, instance:smokeTest.flipkart@30b8a058]" name="setUp" is-config="true" duration-ms="10541" started-at="2021-05-26T09:44:07 IST" finished-at="2021-05-26T09:44:18 IST">
          <reporter-output>
          </reporter-output>
        </test-method> <!-- setUp -->
        <test-method status="PASS" signature="login()[pri:0, instance:smokeTest.flipkart@30b8a058]" name="login" duration-ms="19559" started-at="2021-05-26T09:44:18 IST" finished-at="2021-05-26T09:44:37 IST">
          <reporter-output>
          </reporter-output>
        </test-method> <!-- login -->
      </class> <!-- smokeTest.flipkart -->
    </test> <!-- Default test -->
  </suite> <!-- Default suite -->
</testng-results>
